{
  "stats": {
    "suites": 1,
    "tests": 1,
    "passes": 0,
    "pending": 0,
    "failures": 1,
    "start": "2022-07-10T09:13:12.438Z",
    "end": "2022-07-10T09:13:17.552Z",
    "duration": 5114,
    "testsRegistered": 1,
    "passPercent": 0,
    "pendingPercent": 0,
    "other": 0,
    "hasOther": false,
    "skipped": 0,
    "hasSkipped": false
  },
  "results": [
    {
      "uuid": "56938e4e-85e7-4d13-a617-d3ddd26ed7d7",
      "title": "",
      "fullFile": "cypress/integration/awstests/getitem copy.js",
      "file": "cypress/integration/awstests/getitem copy.js",
      "beforeHooks": [],
      "afterHooks": [],
      "tests": [],
      "suites": [
        {
          "uuid": "2223e377-0e82-4ca0-854c-7dcf8cca5033",
          "title": "Get Item from DB",
          "fullFile": "",
          "file": "",
          "beforeHooks": [],
          "afterHooks": [],
          "tests": [
            {
              "title": "Get Item from DB",
              "fullTitle": "Get Item from DB Get Item from DB",
              "timedOut": null,
              "duration": 5053,
              "state": "failed",
              "speed": null,
              "pass": false,
              "fail": true,
              "pending": false,
              "context": null,
              "code": "cy.task('scanForResultsDdbDc').then(jsondata => {\n  const obj = JSON.parse(jsondata);\n  expect(0).is.equals(0);\n  expect(0).is.equals(0);\n  cy.log(obj);\n  cy.get(obj.Items[0].Artist);\n  cy.get(obj.Items[1].Artist);\n  cy.get(obj.Items[2].Artist);\n});",
              "err": {
                "message": "AssertionError: Timed out retrying after 4000ms: Expected to find element: `Acme Band`, but never found it.",
                "estack": "AssertionError: Timed out retrying after 4000ms: Expected to find element: `Acme Band`, but never found it.\n    at ensureExistence (http://localhost:56114/__cypress/runner/cypress_runner.js:144069:25)\n    at $Cy.ensureElExistence (http://localhost:56114/__cypress/runner/cypress_runner.js:144087:12)\n    at ensureExistence (http://localhost:56114/__cypress/runner/cypress_runner.js:133010:23)\n    at onFailFn (http://localhost:56114/__cypress/runner/cypress_runner.js:133048:9)\n    at tryCatcher (http://localhost:56114/__cypress/runner/cypress_runner.js:10798:23)\n    at Promise._settlePromiseFromHandler (http://localhost:56114/__cypress/runner/cypress_runner.js:8733:31)\n    at Promise._settlePromise (http://localhost:56114/__cypress/runner/cypress_runner.js:8790:18)\n    at Promise._settlePromise0 (http://localhost:56114/__cypress/runner/cypress_runner.js:8835:10)\n    at Promise._settlePromises (http://localhost:56114/__cypress/runner/cypress_runner.js:8911:18)\n    at _drainQueueStep (http://localhost:56114/__cypress/runner/cypress_runner.js:5505:12)\n    at _drainQueue (http://localhost:56114/__cypress/runner/cypress_runner.js:5498:9)\n    at ../../node_modules/bluebird/js/release/async.js.Async._drainQueues (http://localhost:56114/__cypress/runner/cypress_runner.js:5514:5)\n    at Async.drainQueues (http://localhost:56114/__cypress/runner/cypress_runner.js:5384:14)",
                "diff": null
              },
              "uuid": "2f2b34ff-3683-48dd-8b07-5cb7d1129f47",
              "parentUUID": "2223e377-0e82-4ca0-854c-7dcf8cca5033",
              "isHook": false,
              "skipped": false
            }
          ],
          "suites": [],
          "passes": [],
          "failures": [
            "2f2b34ff-3683-48dd-8b07-5cb7d1129f47"
          ],
          "pending": [],
          "skipped": [],
          "duration": 5053,
          "root": false,
          "rootEmpty": false,
          "_timeout": 2000
        }
      ],
      "passes": [],
      "failures": [],
      "pending": [],
      "skipped": [],
      "duration": 0,
      "root": true,
      "rootEmpty": true,
      "_timeout": 2000
    }
  ],
  "meta": {
    "mocha": {
      "version": "7.0.1"
    },
    "mochawesome": {
      "options": {
        "quiet": false,
        "reportFilename": "mochawesome",
        "saveHtml": false,
        "saveJson": true,
        "consoleReporter": "spec",
        "useInlineDiffs": false,
        "code": true
      },
      "version": "6.3.1"
    },
    "marge": {
      "options": {
        "id": "default",
        "reportDir": "cypress/reports/mocha",
        "quite": true,
        "overwrite": false,
        "html": false,
        "json": true
      },
      "version": "5.2.0"
    }
  }
}