{
  "stats": {
    "suites": 1,
    "tests": 1,
    "passes": 0,
    "pending": 0,
    "failures": 1,
    "start": "2022-07-10T03:14:11.582Z",
    "end": "2022-07-10T03:14:11.912Z",
    "duration": 330,
    "testsRegistered": 1,
    "passPercent": 0,
    "pendingPercent": 0,
    "other": 0,
    "hasOther": false,
    "skipped": 0,
    "hasSkipped": false
  },
  "results": [
    {
      "uuid": "56733ddf-c693-4633-8fcf-f7a9ddeb7188",
      "title": "",
      "fullFile": "cypress/integration/awstests/getitem.js",
      "file": "cypress/integration/awstests/getitem.js",
      "beforeHooks": [],
      "afterHooks": [],
      "tests": [],
      "suites": [
        {
          "uuid": "399a2fcd-b9d9-479f-8e99-19936f98a70e",
          "title": "Get Item from DB",
          "fullFile": "",
          "file": "",
          "beforeHooks": [],
          "afterHooks": [],
          "tests": [
            {
              "title": "Get Item from DB",
              "fullTitle": "Get Item from DB Get Item from DB",
              "timedOut": null,
              "duration": 272,
              "state": "failed",
              "speed": null,
              "pass": false,
              "fail": true,
              "pending": false,
              "context": null,
              "code": "cy.task('connectaws').then(result => {\n  var DynamoDB = new AWS.DynamoDB();\n  params = {\n    TableName: \"Music\",\n    //TABLE_NAME\n    Key: {\n      Artist: {\n        S: \"Acme Band\"\n      }\n    },\n    ProjectionExpression: \"Artist\"\n  };\n  result.getItem(params, function (err, data) {\n    if (err) {\n      console.log(\"Error\", err);\n    } else {\n      console.log(\"Success\", data.Item);\n    }\n  });\n});",
              "err": {
                "message": "ReferenceError: AWS is not defined",
                "estack": "ReferenceError: AWS is not defined\n    at Context.eval (http://localhost:61634/__cypress/tests?p=cypress\\integration\\awstests\\getitem.js:102:22)",
                "diff": null
              },
              "uuid": "8d563ff6-569f-4411-8075-fad6294f4387",
              "parentUUID": "399a2fcd-b9d9-479f-8e99-19936f98a70e",
              "isHook": false,
              "skipped": false
            }
          ],
          "suites": [],
          "passes": [],
          "failures": [
            "8d563ff6-569f-4411-8075-fad6294f4387"
          ],
          "pending": [],
          "skipped": [],
          "duration": 272,
          "root": false,
          "rootEmpty": false,
          "_timeout": 2000
        }
      ],
      "passes": [],
      "failures": [],
      "pending": [],
      "skipped": [],
      "duration": 0,
      "root": true,
      "rootEmpty": true,
      "_timeout": 2000
    }
  ],
  "meta": {
    "mocha": {
      "version": "7.0.1"
    },
    "mochawesome": {
      "options": {
        "quiet": false,
        "reportFilename": "mochawesome",
        "saveHtml": false,
        "saveJson": true,
        "consoleReporter": "spec",
        "useInlineDiffs": false,
        "code": true
      },
      "version": "6.2.2"
    },
    "marge": {
      "options": {
        "id": "default",
        "reportDir": "cypress/reports/mocha",
        "quite": true,
        "overwrite": false,
        "html": false,
        "json": true
      },
      "version": "5.2.0"
    }
  }
}