{
  "stats": {
    "suites": 1,
    "tests": 1,
    "passes": 0,
    "pending": 0,
    "failures": 1,
    "start": "2022-07-10T08:41:49.571Z",
    "end": "2022-07-10T08:41:50.094Z",
    "duration": 523,
    "testsRegistered": 1,
    "passPercent": 0,
    "pendingPercent": 0,
    "other": 0,
    "hasOther": false,
    "skipped": 0,
    "hasSkipped": false
  },
  "results": [
    {
      "uuid": "10503872-fb90-46da-868b-ff80d5492c89",
      "title": "",
      "fullFile": "cypress/integration/awstests/getitem copy.js",
      "file": "cypress/integration/awstests/getitem copy.js",
      "beforeHooks": [],
      "afterHooks": [],
      "tests": [],
      "suites": [
        {
          "uuid": "f87215f5-c9cb-4560-b25b-2b25d94ab9bc",
          "title": "Async functions",
          "fullFile": "",
          "file": "",
          "beforeHooks": [],
          "afterHooks": [],
          "tests": [
            {
              "title": "should be executed in sequence",
              "fullTitle": "Async functions should be executed in sequence",
              "timedOut": null,
              "duration": 394,
              "state": "failed",
              "speed": null,
              "pass": false,
              "fail": true,
              "pending": false,
              "context": null,
              "code": "cy.wrap(null).then(() => scanForResultsDdbDc());",
              "err": {
                "message": "ReferenceError: AWS is not defined",
                "estack": "ReferenceError: AWS is not defined\n    at scanForResultsDdbDc (http://localhost:52979/__cypress/tests?p=cypress\\integration\\awstests\\getitem%20copy.js:107:3)\n    at Context.eval (http://localhost:52979/__cypress/tests?p=cypress\\integration\\awstests\\getitem%20copy.js:124:30)",
                "diff": null
              },
              "uuid": "a2a92349-006d-43dd-8741-a56685e9ff78",
              "parentUUID": "f87215f5-c9cb-4560-b25b-2b25d94ab9bc",
              "isHook": false,
              "skipped": false
            }
          ],
          "suites": [],
          "passes": [],
          "failures": [
            "a2a92349-006d-43dd-8741-a56685e9ff78"
          ],
          "pending": [],
          "skipped": [],
          "duration": 394,
          "root": false,
          "rootEmpty": false,
          "_timeout": 2000
        }
      ],
      "passes": [],
      "failures": [],
      "pending": [],
      "skipped": [],
      "duration": 0,
      "root": true,
      "rootEmpty": true,
      "_timeout": 2000
    }
  ],
  "meta": {
    "mocha": {
      "version": "7.0.1"
    },
    "mochawesome": {
      "options": {
        "quiet": false,
        "reportFilename": "mochawesome",
        "saveHtml": false,
        "saveJson": true,
        "consoleReporter": "spec",
        "useInlineDiffs": false,
        "code": true
      },
      "version": "6.3.1"
    },
    "marge": {
      "options": {
        "id": "default",
        "reportDir": "cypress/reports/mocha",
        "quite": true,
        "overwrite": false,
        "html": false,
        "json": true
      },
      "version": "5.2.0"
    }
  }
}