{
  "stats": {
    "suites": 1,
    "tests": 1,
    "passes": 1,
    "pending": 0,
    "failures": 0,
    "start": "2022-07-10T10:41:58.132Z",
    "end": "2022-07-10T10:42:23.147Z",
    "duration": 25015,
    "testsRegistered": 1,
    "passPercent": 100,
    "pendingPercent": 0,
    "other": 0,
    "hasOther": false,
    "skipped": 0,
    "hasSkipped": false
  },
  "results": [
    {
      "uuid": "d988974e-71c6-44fe-918b-1cc3256d4929",
      "title": "",
      "fullFile": "cypress/integration/awstests/getitem.js",
      "file": "cypress/integration/awstests/getitem.js",
      "beforeHooks": [],
      "afterHooks": [],
      "tests": [],
      "suites": [
        {
          "uuid": "e2fb5a70-0d69-4c28-84cc-19d656aa13a3",
          "title": "Get Item from DB",
          "fullFile": "",
          "file": "",
          "beforeHooks": [],
          "afterHooks": [],
          "tests": [
            {
              "title": "Get Item from DB",
              "fullTitle": "Get Item from DB Get Item from DB",
              "timedOut": null,
              "duration": 24980,
              "state": "passed",
              "speed": "slow",
              "pass": true,
              "fail": false,
              "pending": false,
              "context": null,
              "code": "cy.task('scanForResultsDdbDc').then(jsondata => {\n  var obj = JSON.parse(jsondata);\n  expect(0).is.equals(0);\n  expect(0).is.equals(0);\n  cy.log(obj); // expect(\"Acme Band\").is.equals(obj.Items[0].Artist)\n  //expect(\"Arturus Ardvarkian\").is.equals(obj.Items[1].Artist)\n  // expect(\"http://demo.automationtesting.in/Register.html\").is.equals(obj.Items[2].Artist)\n  for (var i = 0; i < obj.Count; i++) {\n    url = obj.Items[i].Artist;\n    cy.log(url);\n    cy.wait(6000);\n  }\n});",
              "err": {},
              "uuid": "0dd0b7d3-d903-497a-82de-25bafca20f07",
              "parentUUID": "e2fb5a70-0d69-4c28-84cc-19d656aa13a3",
              "isHook": false,
              "skipped": false
            }
          ],
          "suites": [],
          "passes": [
            "0dd0b7d3-d903-497a-82de-25bafca20f07"
          ],
          "failures": [],
          "pending": [],
          "skipped": [],
          "duration": 24980,
          "root": false,
          "rootEmpty": false,
          "_timeout": 2000
        }
      ],
      "passes": [],
      "failures": [],
      "pending": [],
      "skipped": [],
      "duration": 0,
      "root": true,
      "rootEmpty": true,
      "_timeout": 2000
    }
  ],
  "meta": {
    "mocha": {
      "version": "7.0.1"
    },
    "mochawesome": {
      "options": {
        "quiet": false,
        "reportFilename": "mochawesome",
        "saveHtml": false,
        "saveJson": true,
        "consoleReporter": "spec",
        "useInlineDiffs": false,
        "code": true
      },
      "version": "6.3.1"
    },
    "marge": {
      "options": {
        "id": "default",
        "reportDir": "cypress/reports/mocha",
        "quite": true,
        "overwrite": false,
        "html": false,
        "json": true
      },
      "version": "5.2.0"
    }
  }
}