{
  "stats": {
    "suites": 1,
    "tests": 1,
    "passes": 0,
    "pending": 0,
    "failures": 1,
    "start": "2022-07-10T09:58:49.142Z",
    "end": "2022-07-10T09:58:50.369Z",
    "duration": 1227,
    "testsRegistered": 1,
    "passPercent": 0,
    "pendingPercent": 0,
    "other": 0,
    "hasOther": false,
    "skipped": 0,
    "hasSkipped": false
  },
  "results": [
    {
      "uuid": "5688c7c2-14d0-45d7-affb-ad7a0814cd26",
      "title": "",
      "fullFile": "cypress/integration/awstests/getitem.js",
      "file": "cypress/integration/awstests/getitem.js",
      "beforeHooks": [],
      "afterHooks": [],
      "tests": [],
      "suites": [
        {
          "uuid": "d001e625-9ade-412f-a977-7d2a0b1080dc",
          "title": "Get Item from DB",
          "fullFile": "",
          "file": "",
          "beforeHooks": [],
          "afterHooks": [],
          "tests": [
            {
              "title": "Get Item from DB",
              "fullTitle": "Get Item from DB Get Item from DB",
              "timedOut": null,
              "duration": 1111,
              "state": "failed",
              "speed": null,
              "pass": false,
              "fail": true,
              "pending": false,
              "context": null,
              "code": "cy.task('scanForResultsDdbDc').then(jsondata => {\n  var obj = JSON.parse(jsondata);\n  expect(0).is.equals(0);\n  expect(0).is.equals(0);\n  cy.log(obj);\n  expect(\"Acme Band\").is.equals(obj.Items[0].Artist);\n  expect(\"Arturus Ardvarkian\").is.equals(obj.Items[1].Artist);\n  expect(\"http://demo.automationtesting.in/Register.html\").is.equals(obj.Items[2].Artist);\n  url = obj.Items[2].Artist;\n  for (let k in obj) {\n    cy.log(obj.Items(k).Artist);\n    cy.wait(2);\n  }\n});",
              "err": {
                "message": "TypeError: obj.Items is not a function",
                "estack": "TypeError: obj.Items is not a function\n    at Context.eval (http://localhost:52048/__cypress/tests?p=cypress\\integration\\awstests\\getitem.js:113:20)",
                "diff": null
              },
              "uuid": "fb6dc4d6-21fc-409a-9616-bb7ad407fee8",
              "parentUUID": "d001e625-9ade-412f-a977-7d2a0b1080dc",
              "isHook": false,
              "skipped": false
            }
          ],
          "suites": [],
          "passes": [],
          "failures": [
            "fb6dc4d6-21fc-409a-9616-bb7ad407fee8"
          ],
          "pending": [],
          "skipped": [],
          "duration": 1111,
          "root": false,
          "rootEmpty": false,
          "_timeout": 2000
        }
      ],
      "passes": [],
      "failures": [],
      "pending": [],
      "skipped": [],
      "duration": 0,
      "root": true,
      "rootEmpty": true,
      "_timeout": 2000
    }
  ],
  "meta": {
    "mocha": {
      "version": "7.0.1"
    },
    "mochawesome": {
      "options": {
        "quiet": false,
        "reportFilename": "mochawesome",
        "saveHtml": false,
        "saveJson": true,
        "consoleReporter": "spec",
        "useInlineDiffs": false,
        "code": true
      },
      "version": "6.3.1"
    },
    "marge": {
      "options": {
        "id": "default",
        "reportDir": "cypress/reports/mocha",
        "quite": true,
        "overwrite": false,
        "html": false,
        "json": true
      },
      "version": "5.2.0"
    }
  }
}