{
  "stats": {
    "suites": 1,
    "tests": 1,
    "passes": 1,
    "pending": 0,
    "failures": 0,
    "start": "2022-07-10T08:28:18.290Z",
    "end": "2022-07-10T08:28:18.451Z",
    "duration": 161,
    "testsRegistered": 1,
    "passPercent": 100,
    "pendingPercent": 0,
    "other": 0,
    "hasOther": false,
    "skipped": 0,
    "hasSkipped": false
  },
  "results": [
    {
      "uuid": "f15697ca-6f49-4457-b31a-49fe06b848e5",
      "title": "",
      "fullFile": "cypress/integration/awstests/getitem copy.js",
      "file": "cypress/integration/awstests/getitem copy.js",
      "beforeHooks": [],
      "afterHooks": [],
      "tests": [],
      "suites": [
        {
          "uuid": "41b6a734-3b44-4896-adbf-164f761abdb5",
          "title": "Get Item from DB",
          "fullFile": "",
          "file": "",
          "beforeHooks": [],
          "afterHooks": [],
          "tests": [
            {
              "title": "Get Item from DB",
              "fullTitle": "Get Item from DB Get Item from DB",
              "timedOut": null,
              "duration": 62,
              "state": "passed",
              "speed": "medium",
              "pass": true,
              "fail": false,
              "pending": false,
              "context": null,
              "code": "(async () => {\n  expect(0).is.equals(0);\n  var jsondata = await myModule.scanForResultsDdbDc();\n  const obj = JSON.parse(jsondata);\n  expect(0).is.equals(0);\n  cy.log(obj.Items[0].Artist);\n  expect(0).is.equals(0);\n  cy.get(\"http://test\" + obj.Items[0].Artist);\n})();",
              "err": {},
              "uuid": "6cb30b9a-5d17-4c12-8649-ebe9a1960e0b",
              "parentUUID": "41b6a734-3b44-4896-adbf-164f761abdb5",
              "isHook": false,
              "skipped": false
            }
          ],
          "suites": [],
          "passes": [
            "6cb30b9a-5d17-4c12-8649-ebe9a1960e0b"
          ],
          "failures": [],
          "pending": [],
          "skipped": [],
          "duration": 62,
          "root": false,
          "rootEmpty": false,
          "_timeout": 2000
        }
      ],
      "passes": [],
      "failures": [],
      "pending": [],
      "skipped": [],
      "duration": 0,
      "root": true,
      "rootEmpty": true,
      "_timeout": 2000
    }
  ],
  "meta": {
    "mocha": {
      "version": "7.0.1"
    },
    "mochawesome": {
      "options": {
        "quiet": false,
        "reportFilename": "mochawesome",
        "saveHtml": false,
        "saveJson": true,
        "consoleReporter": "spec",
        "useInlineDiffs": false,
        "code": true
      },
      "version": "6.3.1"
    },
    "marge": {
      "options": {
        "id": "default",
        "reportDir": "cypress/reports/mocha",
        "quite": true,
        "overwrite": false,
        "html": false,
        "json": true
      },
      "version": "5.2.0"
    }
  }
}