{
  "stats": {
    "suites": 1,
    "tests": 1,
    "passes": 0,
    "pending": 0,
    "failures": 1,
    "start": "2022-07-10T09:11:20.968Z",
    "end": "2022-07-10T09:11:23.769Z",
    "duration": 2801,
    "testsRegistered": 1,
    "passPercent": 0,
    "pendingPercent": 0,
    "other": 0,
    "hasOther": false,
    "skipped": 0,
    "hasSkipped": false
  },
  "results": [
    {
      "uuid": "a475167a-8d85-4c97-a6af-68bce330cf8c",
      "title": "",
      "fullFile": "cypress/integration/awstests/getitem copy.js",
      "file": "cypress/integration/awstests/getitem copy.js",
      "beforeHooks": [],
      "afterHooks": [],
      "tests": [],
      "suites": [
        {
          "uuid": "f01efe14-8cf3-4cba-927c-2bdf01e73544",
          "title": "Get Item from DB",
          "fullFile": "",
          "file": "",
          "beforeHooks": [],
          "afterHooks": [],
          "tests": [
            {
              "title": "Get Item from DB",
              "fullTitle": "Get Item from DB Get Item from DB",
              "timedOut": null,
              "duration": 2667,
              "state": "failed",
              "speed": null,
              "pass": false,
              "fail": true,
              "pending": false,
              "context": null,
              "code": "cy.task('scanForResultsDdbDc').then(jsondata => {\n  const obj = JSON.parse(jsondata);\n  expect(0).is.equals(0);\n  expect(0).is.equals(0);\n  cy.log(obj);\n  cy.get(obj.Items[2].Artist);\n});",
              "err": {
                "message": "Error: Syntax error, unrecognized expression: http://demo.automationtesting.in/Register.html",
                "estack": "Error: Syntax error, unrecognized expression: http://demo.automationtesting.in/Register.html\n    at Sizzle.error (http://localhost:55787/__cypress/runner/cypress_runner.js:93625:8)\n    at Sizzle.tokenize (http://localhost:55787/__cypress/runner/cypress_runner.js:94277:11)\n    at Sizzle.select (http://localhost:55787/__cypress/runner/cypress_runner.js:94704:20)\n    at Function.Sizzle [as find] (http://localhost:55787/__cypress/runner/cypress_runner.js:92929:9)\n    at jQuery.fn.init.find (http://localhost:55787/__cypress/runner/cypress_runner.js:94960:11)\n    at new jQuery.fn.init (http://localhost:55787/__cypress/runner/cypress_runner.js:95075:40)\n    at Object.query (http://localhost:55787/__cypress/runner/cypress_runner.js:163744:10)\n    at $Cy.$$ (http://localhost:55787/__cypress/runner/cypress_runner.js:152476:17)\n    at getElements (http://localhost:55787/__cypress/runner/cypress_runner.js:140926:20)\n    at tryCatcher (http://localhost:55787/__cypress/runner/cypress_runner.js:10798:23)\n    at Promise.attempt.Promise.try (http://localhost:55787/__cypress/runner/cypress_runner.js:8072:29)\n    at resolveElements (http://localhost:55787/__cypress/runner/cypress_runner.js:140976:27)\n    at Context.get (http://localhost:55787/__cypress/runner/cypress_runner.js:140987:14)\n    at http://localhost:55787/__cypress/runner/cypress_runner.js:152716:15\n    at tryCatcher (http://localhost:55787/__cypress/runner/cypress_runner.js:10798:23)",
                "diff": null
              },
              "uuid": "4ac96dce-009a-4763-87d6-3572c88339f5",
              "parentUUID": "f01efe14-8cf3-4cba-927c-2bdf01e73544",
              "isHook": false,
              "skipped": false
            }
          ],
          "suites": [],
          "passes": [],
          "failures": [
            "4ac96dce-009a-4763-87d6-3572c88339f5"
          ],
          "pending": [],
          "skipped": [],
          "duration": 2667,
          "root": false,
          "rootEmpty": false,
          "_timeout": 2000
        }
      ],
      "passes": [],
      "failures": [],
      "pending": [],
      "skipped": [],
      "duration": 0,
      "root": true,
      "rootEmpty": true,
      "_timeout": 2000
    }
  ],
  "meta": {
    "mocha": {
      "version": "7.0.1"
    },
    "mochawesome": {
      "options": {
        "quiet": false,
        "reportFilename": "mochawesome",
        "saveHtml": false,
        "saveJson": true,
        "consoleReporter": "spec",
        "useInlineDiffs": false,
        "code": true
      },
      "version": "6.3.1"
    },
    "marge": {
      "options": {
        "id": "default",
        "reportDir": "cypress/reports/mocha",
        "quite": true,
        "overwrite": false,
        "html": false,
        "json": true
      },
      "version": "5.2.0"
    }
  }
}