{
  "stats": {
    "suites": 1,
    "tests": 1,
    "passes": 1,
    "pending": 0,
    "failures": 0,
    "start": "2022-07-10T10:06:12.532Z",
    "end": "2022-07-10T10:06:12.582Z",
    "duration": 50,
    "testsRegistered": 1,
    "passPercent": 100,
    "pendingPercent": 0,
    "other": 0,
    "hasOther": false,
    "skipped": 0,
    "hasSkipped": false
  },
  "results": [
    {
      "uuid": "a1796c10-d9ac-41db-8cad-0bcfa57648b6",
      "title": "",
      "fullFile": "cypress/integration/awstests/login.js",
      "file": "cypress/integration/awstests/login.js",
      "beforeHooks": [],
      "afterHooks": [],
      "tests": [],
      "suites": [
        {
          "uuid": "78927cd8-1992-4845-aded-a66d32e73384",
          "title": "Login into aws",
          "fullFile": "",
          "file": "",
          "beforeHooks": [],
          "afterHooks": [],
          "tests": [
            {
              "title": "Login test",
              "fullTitle": "Login into aws Login test",
              "timedOut": null,
              "duration": 36,
              "state": "passed",
              "speed": "fast",
              "pass": true,
              "fail": false,
              "pending": false,
              "context": null,
              "code": "cy.task('connectaws').then(result => {\n  console.log(\"Access key:\", result.config.credentials.accessKeyId);\n  expect(result.config.credentials.accessKeyId).is.equal(\"AKIATMHI6IKSJ5J2KXHF\");\n});",
              "err": {},
              "uuid": "7d61458a-4e8a-40a9-90f7-d4e1eab5510e",
              "parentUUID": "78927cd8-1992-4845-aded-a66d32e73384",
              "isHook": false,
              "skipped": false
            }
          ],
          "suites": [],
          "passes": [
            "7d61458a-4e8a-40a9-90f7-d4e1eab5510e"
          ],
          "failures": [],
          "pending": [],
          "skipped": [],
          "duration": 36,
          "root": false,
          "rootEmpty": false,
          "_timeout": 2000
        }
      ],
      "passes": [],
      "failures": [],
      "pending": [],
      "skipped": [],
      "duration": 0,
      "root": true,
      "rootEmpty": true,
      "_timeout": 2000
    }
  ],
  "meta": {
    "mocha": {
      "version": "7.0.1"
    },
    "mochawesome": {
      "options": {
        "quiet": false,
        "reportFilename": "mochawesome",
        "saveHtml": false,
        "saveJson": true,
        "consoleReporter": "spec",
        "useInlineDiffs": false,
        "code": true
      },
      "version": "6.3.1"
    },
    "marge": {
      "options": {
        "id": "default",
        "reportDir": "cypress/reports/mocha",
        "quite": true,
        "overwrite": false,
        "html": false,
        "json": true
      },
      "version": "5.2.0"
    }
  }
}