{
  "stats": {
    "suites": 1,
    "tests": 1,
    "passes": 0,
    "pending": 0,
    "failures": 1,
    "start": "2022-07-10T02:37:28.524Z",
    "end": "2022-07-10T02:37:28.893Z",
    "duration": 369,
    "testsRegistered": 1,
    "passPercent": 0,
    "pendingPercent": 0,
    "other": 0,
    "hasOther": false,
    "skipped": 0,
    "hasSkipped": false
  },
  "results": [
    {
      "uuid": "5b37fd38-ab84-4d30-beda-28cfbe77bbe0",
      "title": "",
      "fullFile": "cypress/integration/awstests/login.js",
      "file": "cypress/integration/awstests/login.js",
      "beforeHooks": [],
      "afterHooks": [],
      "tests": [],
      "suites": [
        {
          "uuid": "f79cf893-e42b-4652-a580-22c4120b97a6",
          "title": "Login into aws",
          "fullFile": "",
          "file": "",
          "beforeHooks": [],
          "afterHooks": [],
          "tests": [
            {
              "title": "Login test",
              "fullTitle": "Login into aws Login test",
              "timedOut": null,
              "duration": 318,
              "state": "failed",
              "speed": null,
              "pass": false,
              "fail": true,
              "pending": false,
              "context": null,
              "code": "cy.task('connectaws').then(result => {\n  result.config.loadFromPath(\"C:\\\\wev-automation\\\\cypress\\\\fixtures\\\\awscredentials.json\");\n  console.log(\"Access key:\", result.config.credentials.accessKeyId);\n});",
              "err": {
                "message": "TypeError: Cannot read properties of undefined (reading 'loadFromPath')",
                "estack": "TypeError: Cannot read properties of undefined (reading 'loadFromPath')\n    at Context.eval (http://localhost:60841/__cypress/tests?p=cypress\\integration\\awstests\\login.js:102:21)",
                "diff": null
              },
              "uuid": "8a5bb5f3-0632-492b-9cd1-e1292072339a",
              "parentUUID": "f79cf893-e42b-4652-a580-22c4120b97a6",
              "isHook": false,
              "skipped": false
            }
          ],
          "suites": [],
          "passes": [],
          "failures": [
            "8a5bb5f3-0632-492b-9cd1-e1292072339a"
          ],
          "pending": [],
          "skipped": [],
          "duration": 318,
          "root": false,
          "rootEmpty": false,
          "_timeout": 2000
        }
      ],
      "passes": [],
      "failures": [],
      "pending": [],
      "skipped": [],
      "duration": 0,
      "root": true,
      "rootEmpty": true,
      "_timeout": 2000
    }
  ],
  "meta": {
    "mocha": {
      "version": "7.0.1"
    },
    "mochawesome": {
      "options": {
        "quiet": false,
        "reportFilename": "mochawesome",
        "saveHtml": false,
        "saveJson": true,
        "consoleReporter": "spec",
        "useInlineDiffs": false,
        "code": true
      },
      "version": "6.2.2"
    },
    "marge": {
      "options": {
        "id": "default",
        "reportDir": "cypress/reports/mocha",
        "quite": true,
        "overwrite": false,
        "html": false,
        "json": true
      },
      "version": "5.2.0"
    }
  }
}