{
  "stats": {
    "suites": 1,
    "tests": 1,
    "passes": 0,
    "pending": 0,
    "failures": 1,
    "start": "2022-07-10T09:14:59.914Z",
    "end": "2022-07-10T09:15:01.199Z",
    "duration": 1285,
    "testsRegistered": 1,
    "passPercent": 0,
    "pendingPercent": 0,
    "other": 0,
    "hasOther": false,
    "skipped": 0,
    "hasSkipped": false
  },
  "results": [
    {
      "uuid": "2a413da8-fc16-4008-b635-a0e79df4d3e5",
      "title": "",
      "fullFile": "cypress/integration/awstests/getitem copy.js",
      "file": "cypress/integration/awstests/getitem copy.js",
      "beforeHooks": [],
      "afterHooks": [],
      "tests": [],
      "suites": [
        {
          "uuid": "8725b553-c0b6-4f43-9ee9-3fc2f180497f",
          "title": "Get Item from DB",
          "fullFile": "",
          "file": "",
          "beforeHooks": [],
          "afterHooks": [],
          "tests": [
            {
              "title": "Get Item from DB",
              "fullTitle": "Get Item from DB Get Item from DB",
              "timedOut": null,
              "duration": 1147,
              "state": "failed",
              "speed": null,
              "pass": false,
              "fail": true,
              "pending": false,
              "context": null,
              "code": "cy.task('scanForResultsDdbDc').then(jsondata => {\n  const obj = JSON.parse(jsondata);\n  expect(0).is.equals(0);\n  expect(0).is.equals(0);\n  cy.log(obj);\n  expect(\"Acme Band\").is.equals(obj.Items[0].Artist);\n  expect(\"Arturus Ardvarkian\").is.equals(obj.Items[1].Artist);\n  expect(\"http://demo.automatio\").is.equals(obj.Items[2].Artist);\n});",
              "err": {
                "message": "AssertionError: expected 'http://demo.automatio' to equal 'http://demo.automationtesting.in/Register.html'",
                "estack": "AssertionError: expected 'http://demo.automatio' to equal 'http://demo.automationtesting.in/Register.html'\n    at Context.eval (http://localhost:56267/__cypress/tests?p=cypress\\integration\\awstests\\getitem%20copy.js:101:36)",
                "diff": "- 'http://demo.automatio'\n+ 'http://demo.automationtesting.in/Register.html'\n"
              },
              "uuid": "cca7a2c7-b237-48c1-b269-c03831893a67",
              "parentUUID": "8725b553-c0b6-4f43-9ee9-3fc2f180497f",
              "isHook": false,
              "skipped": false
            }
          ],
          "suites": [],
          "passes": [],
          "failures": [
            "cca7a2c7-b237-48c1-b269-c03831893a67"
          ],
          "pending": [],
          "skipped": [],
          "duration": 1147,
          "root": false,
          "rootEmpty": false,
          "_timeout": 2000
        }
      ],
      "passes": [],
      "failures": [],
      "pending": [],
      "skipped": [],
      "duration": 0,
      "root": true,
      "rootEmpty": true,
      "_timeout": 2000
    }
  ],
  "meta": {
    "mocha": {
      "version": "7.0.1"
    },
    "mochawesome": {
      "options": {
        "quiet": false,
        "reportFilename": "mochawesome",
        "saveHtml": false,
        "saveJson": true,
        "consoleReporter": "spec",
        "useInlineDiffs": false,
        "code": true
      },
      "version": "6.3.1"
    },
    "marge": {
      "options": {
        "id": "default",
        "reportDir": "cypress/reports/mocha",
        "quite": true,
        "overwrite": false,
        "html": false,
        "json": true
      },
      "version": "5.2.0"
    }
  }
}