{
  "stats": {
    "suites": 1,
    "tests": 1,
    "passes": 1,
    "pending": 0,
    "failures": 0,
    "start": "2022-07-10T08:45:03.998Z",
    "end": "2022-07-10T08:45:04.204Z",
    "duration": 206,
    "testsRegistered": 1,
    "passPercent": 100,
    "pendingPercent": 0,
    "other": 0,
    "hasOther": false,
    "skipped": 0,
    "hasSkipped": false
  },
  "results": [
    {
      "uuid": "a1af9151-74e6-495a-80ff-357d10085bed",
      "title": "",
      "fullFile": "cypress/integration/awstests/getitem copy.js",
      "file": "cypress/integration/awstests/getitem copy.js",
      "beforeHooks": [],
      "afterHooks": [],
      "tests": [],
      "suites": [
        {
          "uuid": "2be8198a-c694-4a5e-8c08-4e7e6f23cf62",
          "title": "Get Item from DB",
          "fullFile": "",
          "file": "",
          "beforeHooks": [],
          "afterHooks": [],
          "tests": [
            {
              "title": "Get Item from DB",
              "fullTitle": "Get Item from DB Get Item from DB",
              "timedOut": null,
              "duration": 67,
              "state": "passed",
              "speed": "medium",
              "pass": true,
              "fail": false,
              "pending": false,
              "context": null,
              "code": "(async () => {\n  expect(\"raju\").is.equals(\"raju\");\n  var jsondata = await myModule.scanForResultsDdbDc();\n  const obj = JSON.parse(jsondata);\n  expect(0).is.equals(0);\n  cy.log(obj.Items[0].Artist);\n  expect(0).is.equals(0);\n  cy.get(obj.Items[0].Artist);\n})();",
              "err": {},
              "uuid": "502e92fe-1464-4327-90e9-86e02ca79e8e",
              "parentUUID": "2be8198a-c694-4a5e-8c08-4e7e6f23cf62",
              "isHook": false,
              "skipped": false
            }
          ],
          "suites": [],
          "passes": [
            "502e92fe-1464-4327-90e9-86e02ca79e8e"
          ],
          "failures": [],
          "pending": [],
          "skipped": [],
          "duration": 67,
          "root": false,
          "rootEmpty": false,
          "_timeout": 2000
        }
      ],
      "passes": [],
      "failures": [],
      "pending": [],
      "skipped": [],
      "duration": 0,
      "root": true,
      "rootEmpty": true,
      "_timeout": 2000
    }
  ],
  "meta": {
    "mocha": {
      "version": "7.0.1"
    },
    "mochawesome": {
      "options": {
        "quiet": false,
        "reportFilename": "mochawesome",
        "saveHtml": false,
        "saveJson": true,
        "consoleReporter": "spec",
        "useInlineDiffs": false,
        "code": true
      },
      "version": "6.3.1"
    },
    "marge": {
      "options": {
        "id": "default",
        "reportDir": "cypress/reports/mocha",
        "quite": true,
        "overwrite": false,
        "html": false,
        "json": true
      },
      "version": "5.2.0"
    }
  }
}