{
  "stats": {
    "suites": 1,
    "tests": 1,
    "passes": 0,
    "pending": 0,
    "failures": 1,
    "start": "2022-07-10T02:35:54.380Z",
    "end": "2022-07-10T02:35:54.711Z",
    "duration": 331,
    "testsRegistered": 1,
    "passPercent": 0,
    "pendingPercent": 0,
    "other": 0,
    "hasOther": false,
    "skipped": 0,
    "hasSkipped": false
  },
  "results": [
    {
      "uuid": "65287dd1-ef10-4c7a-a030-e81e2ab18f2c",
      "title": "",
      "fullFile": "cypress/integration/awstests/login.js",
      "file": "cypress/integration/awstests/login.js",
      "beforeHooks": [],
      "afterHooks": [],
      "tests": [],
      "suites": [
        {
          "uuid": "f93535c4-3270-492d-9f56-bb937295e56d",
          "title": "Login into aws",
          "fullFile": "",
          "file": "",
          "beforeHooks": [],
          "afterHooks": [],
          "tests": [
            {
              "title": "Login test",
              "fullTitle": "Login into aws Login test",
              "timedOut": null,
              "duration": 280,
              "state": "failed",
              "speed": null,
              "pass": false,
              "fail": true,
              "pending": false,
              "context": null,
              "code": "cy.task('connectaws').then(result => {\n  console.log(\"Access key:\", result.config.credentials.accessKeyId);\n});",
              "err": {
                "message": "TypeError: Cannot read properties of undefined (reading 'credentials')",
                "estack": "TypeError: Cannot read properties of undefined (reading 'credentials')\n    at Context.eval (http://localhost:60740/__cypress/tests?p=cypress\\integration\\awstests\\login.js:102:48)",
                "diff": null
              },
              "uuid": "c438628d-f5d4-428d-a21f-570a3b876467",
              "parentUUID": "f93535c4-3270-492d-9f56-bb937295e56d",
              "isHook": false,
              "skipped": false
            }
          ],
          "suites": [],
          "passes": [],
          "failures": [
            "c438628d-f5d4-428d-a21f-570a3b876467"
          ],
          "pending": [],
          "skipped": [],
          "duration": 280,
          "root": false,
          "rootEmpty": false,
          "_timeout": 2000
        }
      ],
      "passes": [],
      "failures": [],
      "pending": [],
      "skipped": [],
      "duration": 0,
      "root": true,
      "rootEmpty": true,
      "_timeout": 2000
    }
  ],
  "meta": {
    "mocha": {
      "version": "7.0.1"
    },
    "mochawesome": {
      "options": {
        "quiet": false,
        "reportFilename": "mochawesome",
        "saveHtml": false,
        "saveJson": true,
        "consoleReporter": "spec",
        "useInlineDiffs": false,
        "code": true
      },
      "version": "6.2.2"
    },
    "marge": {
      "options": {
        "id": "default",
        "reportDir": "cypress/reports/mocha",
        "quite": true,
        "overwrite": false,
        "html": false,
        "json": true
      },
      "version": "5.2.0"
    }
  }
}