{
  "stats": {
    "suites": 1,
    "tests": 1,
    "passes": 1,
    "pending": 0,
    "failures": 0,
    "start": "2022-07-10T03:28:52.721Z",
    "end": "2022-07-10T03:28:52.801Z",
    "duration": 80,
    "testsRegistered": 1,
    "passPercent": 100,
    "pendingPercent": 0,
    "other": 0,
    "hasOther": false,
    "skipped": 0,
    "hasSkipped": false
  },
  "results": [
    {
      "uuid": "9982fdd6-ad4b-486a-9290-bbe4953a0dfd",
      "title": "",
      "fullFile": "cypress/integration/awstests/getitem.js",
      "file": "cypress/integration/awstests/getitem.js",
      "beforeHooks": [],
      "afterHooks": [],
      "tests": [],
      "suites": [
        {
          "uuid": "28bb0fbc-f1ac-47c0-98c6-3726bc2d6039",
          "title": "Get Item from DB",
          "fullFile": "",
          "file": "",
          "beforeHooks": [],
          "afterHooks": [],
          "tests": [
            {
              "title": "Get Item from DB",
              "fullTitle": "Get Item from DB Get Item from DB",
              "timedOut": null,
              "duration": 53,
              "state": "passed",
              "speed": "medium",
              "pass": true,
              "fail": false,
              "pending": false,
              "context": null,
              "code": "cy.task('connectaws').then(result => {\n  cy.log(result);\n});",
              "err": {},
              "uuid": "602e64fa-ba44-49c0-a8b5-2fc318df844a",
              "parentUUID": "28bb0fbc-f1ac-47c0-98c6-3726bc2d6039",
              "isHook": false,
              "skipped": false
            }
          ],
          "suites": [],
          "passes": [
            "602e64fa-ba44-49c0-a8b5-2fc318df844a"
          ],
          "failures": [],
          "pending": [],
          "skipped": [],
          "duration": 53,
          "root": false,
          "rootEmpty": false,
          "_timeout": 2000
        }
      ],
      "passes": [],
      "failures": [],
      "pending": [],
      "skipped": [],
      "duration": 0,
      "root": true,
      "rootEmpty": true,
      "_timeout": 2000
    }
  ],
  "meta": {
    "mocha": {
      "version": "7.0.1"
    },
    "mochawesome": {
      "options": {
        "quiet": false,
        "reportFilename": "mochawesome",
        "saveHtml": false,
        "saveJson": true,
        "consoleReporter": "spec",
        "useInlineDiffs": false,
        "code": true
      },
      "version": "6.2.2"
    },
    "marge": {
      "options": {
        "id": "default",
        "reportDir": "cypress/reports/mocha",
        "quite": true,
        "overwrite": false,
        "html": false,
        "json": true
      },
      "version": "5.2.0"
    }
  }
}