{
  "stats": {
    "suites": 1,
    "tests": 2,
    "passes": 1,
    "pending": 0,
    "failures": 1,
    "start": "2022-07-10T09:20:25.745Z",
    "end": "2022-07-10T09:20:30.804Z",
    "duration": 5059,
    "testsRegistered": 2,
    "passPercent": 50,
    "pendingPercent": 0,
    "other": 0,
    "hasOther": false,
    "skipped": 0,
    "hasSkipped": false
  },
  "results": [
    {
      "uuid": "2865dc80-867f-4b4d-9fa0-f1de5b9de438",
      "title": "",
      "fullFile": "cypress/integration/awstests/getitem copy.js",
      "file": "cypress/integration/awstests/getitem copy.js",
      "beforeHooks": [],
      "afterHooks": [],
      "tests": [],
      "suites": [
        {
          "uuid": "c1d1a59d-7566-4fda-aff8-13d4166195c1",
          "title": "Get Item from DB",
          "fullFile": "",
          "file": "",
          "beforeHooks": [],
          "afterHooks": [],
          "tests": [
            {
              "title": "Get Item from DB",
              "fullTitle": "Get Item from DB Get Item from DB",
              "timedOut": null,
              "duration": 717,
              "state": "passed",
              "speed": "slow",
              "pass": true,
              "fail": false,
              "pending": false,
              "context": null,
              "code": "cy.task('scanForResultsDdbDc').then(jsondata => {\n  const obj = JSON.parse(jsondata);\n  expect(0).is.equals(0);\n  expect(0).is.equals(0);\n  cy.log(obj);\n  expect(\"Acme Band\").is.equals(obj.Items[0].Artist);\n  expect(\"Arturus Ardvarkian\").is.equals(obj.Items[1].Artist);\n  expect(\"http://demo.automationtesting.in/Register.html\").is.equals(obj.Items[2].Artist);\n  url = obj.Items[2].Artist;\n});",
              "err": {},
              "uuid": "8b621525-b14a-4e52-9d75-83b0fb2f9eb7",
              "parentUUID": "c1d1a59d-7566-4fda-aff8-13d4166195c1",
              "isHook": false,
              "skipped": false
            },
            {
              "title": "open a demo url",
              "fullTitle": "Get Item from DB open a demo url",
              "timedOut": null,
              "duration": 570,
              "state": "failed",
              "speed": null,
              "pass": false,
              "fail": true,
              "pending": false,
              "context": null,
              "code": "cy.visit(url);",
              "err": {
                "message": "CypressError: `cy.visit()` must be called with a `url` or an `options` object containing a `url` as its 1st argument\n\nhttps://on.cypress.io/visit",
                "estack": "CypressError: `cy.visit()` must be called with a `url` or an `options` object containing a `url` as its 1st argument\n\nhttps://on.cypress.io/visit\n    at Context.visit (http://demo.automationtesting.in/__cypress/runner/cypress_runner.js:140098:19)\n    at http://demo.automationtesting.in/__cypress/runner/cypress_runner.js:152716:15\n    at tryCatcher (http://demo.automationtesting.in/__cypress/runner/cypress_runner.js:10798:23)\n    at Promise._settlePromiseFromHandler (http://demo.automationtesting.in/__cypress/runner/cypress_runner.js:8733:31)\n    at Promise._settlePromise (http://demo.automationtesting.in/__cypress/runner/cypress_runner.js:8790:18)\n    at Promise._settlePromiseCtx (http://demo.automationtesting.in/__cypress/runner/cypress_runner.js:8827:10)\n    at _drainQueueStep (http://demo.automationtesting.in/__cypress/runner/cypress_runner.js:5509:12)\n    at _drainQueue (http://demo.automationtesting.in/__cypress/runner/cypress_runner.js:5498:9)\n    at ../../node_modules/bluebird/js/release/async.js.Async._drainQueues (http://demo.automationtesting.in/__cypress/runner/cypress_runner.js:5514:5)\n    at Async.drainQueues (http://demo.automationtesting.in/__cypress/runner/cypress_runner.js:5384:14)",
                "diff": null
              },
              "uuid": "f925d5fa-5819-44bd-ab9d-e3e5aefd58f2",
              "parentUUID": "c1d1a59d-7566-4fda-aff8-13d4166195c1",
              "isHook": false,
              "skipped": false
            }
          ],
          "suites": [],
          "passes": [
            "8b621525-b14a-4e52-9d75-83b0fb2f9eb7"
          ],
          "failures": [
            "f925d5fa-5819-44bd-ab9d-e3e5aefd58f2"
          ],
          "pending": [],
          "skipped": [],
          "duration": 1287,
          "root": false,
          "rootEmpty": false,
          "_timeout": 2000
        }
      ],
      "passes": [],
      "failures": [],
      "pending": [],
      "skipped": [],
      "duration": 0,
      "root": true,
      "rootEmpty": true,
      "_timeout": 2000
    }
  ],
  "meta": {
    "mocha": {
      "version": "7.0.1"
    },
    "mochawesome": {
      "options": {
        "quiet": false,
        "reportFilename": "mochawesome",
        "saveHtml": false,
        "saveJson": true,
        "consoleReporter": "spec",
        "useInlineDiffs": false,
        "code": true
      },
      "version": "6.3.1"
    },
    "marge": {
      "options": {
        "id": "default",
        "reportDir": "cypress/reports/mocha",
        "quite": true,
        "overwrite": false,
        "html": false,
        "json": true
      },
      "version": "5.2.0"
    }
  }
}