{
  "stats": {
    "suites": 1,
    "tests": 1,
    "passes": 1,
    "pending": 0,
    "failures": 0,
    "start": "2022-07-10T03:22:27.826Z",
    "end": "2022-07-10T03:22:27.923Z",
    "duration": 97,
    "testsRegistered": 1,
    "passPercent": 100,
    "pendingPercent": 0,
    "other": 0,
    "hasOther": false,
    "skipped": 0,
    "hasSkipped": false
  },
  "results": [
    {
      "uuid": "a40eb2c4-1eec-4ade-a7ee-ee9fbe7f9f62",
      "title": "",
      "fullFile": "cypress/integration/awstests/login.js",
      "file": "cypress/integration/awstests/login.js",
      "beforeHooks": [],
      "afterHooks": [],
      "tests": [],
      "suites": [
        {
          "uuid": "6d4eaf0a-e0a8-4ce9-a878-b30d44d99023",
          "title": "Login into aws",
          "fullFile": "",
          "file": "",
          "beforeHooks": [],
          "afterHooks": [],
          "tests": [
            {
              "title": "Login test",
              "fullTitle": "Login into aws Login test",
              "timedOut": null,
              "duration": 76,
              "state": "passed",
              "speed": "slow",
              "pass": true,
              "fail": false,
              "pending": false,
              "context": null,
              "code": "cy.task('connectaws').then(result => {\n  console.log(\"Access key:\", result.config.credentials.accessKeyId);\n  expect(result.config.credentials.accessKeyId).is.equal(\"AKIATMHI6IKSJ5J2KXHF\");\n});",
              "err": {},
              "uuid": "8e9106b0-9b3e-44b4-9bc3-a7b87f374241",
              "parentUUID": "6d4eaf0a-e0a8-4ce9-a878-b30d44d99023",
              "isHook": false,
              "skipped": false
            }
          ],
          "suites": [],
          "passes": [
            "8e9106b0-9b3e-44b4-9bc3-a7b87f374241"
          ],
          "failures": [],
          "pending": [],
          "skipped": [],
          "duration": 76,
          "root": false,
          "rootEmpty": false,
          "_timeout": 2000
        }
      ],
      "passes": [],
      "failures": [],
      "pending": [],
      "skipped": [],
      "duration": 0,
      "root": true,
      "rootEmpty": true,
      "_timeout": 2000
    }
  ],
  "meta": {
    "mocha": {
      "version": "7.0.1"
    },
    "mochawesome": {
      "options": {
        "quiet": false,
        "reportFilename": "mochawesome",
        "saveHtml": false,
        "saveJson": true,
        "consoleReporter": "spec",
        "useInlineDiffs": false,
        "code": true
      },
      "version": "6.2.2"
    },
    "marge": {
      "options": {
        "id": "default",
        "reportDir": "cypress/reports/mocha",
        "quite": true,
        "overwrite": false,
        "html": false,
        "json": true
      },
      "version": "5.2.0"
    }
  }
}