{
  "stats": {
    "suites": 1,
    "tests": 1,
    "passes": 1,
    "pending": 0,
    "failures": 0,
    "start": "2022-07-10T09:46:53.115Z",
    "end": "2022-07-10T09:46:54.295Z",
    "duration": 1180,
    "testsRegistered": 1,
    "passPercent": 100,
    "pendingPercent": 0,
    "other": 0,
    "hasOther": false,
    "skipped": 0,
    "hasSkipped": false
  },
  "results": [
    {
      "uuid": "9aca9bff-3b81-4524-b320-22233e003ab8",
      "title": "",
      "fullFile": "cypress/integration/awstests/login.js",
      "file": "cypress/integration/awstests/login.js",
      "beforeHooks": [],
      "afterHooks": [],
      "tests": [],
      "suites": [
        {
          "uuid": "ef0c4d4e-7b5a-4b7f-a252-74a58d9cabb2",
          "title": "Login into aws",
          "fullFile": "",
          "file": "",
          "beforeHooks": [],
          "afterHooks": [],
          "tests": [
            {
              "title": "Login test",
              "fullTitle": "Login into aws Login test",
              "timedOut": null,
              "duration": 820,
              "state": "passed",
              "speed": "slow",
              "pass": true,
              "fail": false,
              "pending": false,
              "context": null,
              "code": "cy.task('connectaws').then(result => {\n  console.log(\"Access key:\", result.config.credentials.accessKeyId);\n  expect(result.config.credentials.accessKeyId).is.equal(\"AKIATMHI6IKSJ5J2KXHF\");\n});",
              "err": {},
              "uuid": "1bd8b4fc-5a06-4676-860c-7bb61b8f259b",
              "parentUUID": "ef0c4d4e-7b5a-4b7f-a252-74a58d9cabb2",
              "isHook": false,
              "skipped": false
            }
          ],
          "suites": [],
          "passes": [
            "1bd8b4fc-5a06-4676-860c-7bb61b8f259b"
          ],
          "failures": [],
          "pending": [],
          "skipped": [],
          "duration": 820,
          "root": false,
          "rootEmpty": false,
          "_timeout": 2000
        }
      ],
      "passes": [],
      "failures": [],
      "pending": [],
      "skipped": [],
      "duration": 0,
      "root": true,
      "rootEmpty": true,
      "_timeout": 2000
    }
  ],
  "meta": {
    "mocha": {
      "version": "7.0.1"
    },
    "mochawesome": {
      "options": {
        "quiet": false,
        "reportFilename": "mochawesome",
        "saveHtml": false,
        "saveJson": true,
        "consoleReporter": "spec",
        "useInlineDiffs": false,
        "code": true
      },
      "version": "6.3.1"
    },
    "marge": {
      "options": {
        "id": "default",
        "reportDir": "cypress/reports/mocha",
        "quite": true,
        "overwrite": false,
        "html": false,
        "json": true
      },
      "version": "5.2.0"
    }
  }
}