{
  "stats": {
    "suites": 1,
    "tests": 1,
    "passes": 0,
    "pending": 0,
    "failures": 1,
    "start": "2022-07-10T09:07:24.864Z",
    "end": "2022-07-10T09:07:27.505Z",
    "duration": 2641,
    "testsRegistered": 1,
    "passPercent": 0,
    "pendingPercent": 0,
    "other": 0,
    "hasOther": false,
    "skipped": 0,
    "hasSkipped": false
  },
  "results": [
    {
      "uuid": "2830cc82-405c-4b98-9c97-5672db084d20",
      "title": "",
      "fullFile": "cypress/integration/awstests/getitem copy.js",
      "file": "cypress/integration/awstests/getitem copy.js",
      "beforeHooks": [],
      "afterHooks": [],
      "tests": [],
      "suites": [
        {
          "uuid": "8ac19d46-e53a-44da-b971-72997e6dc6ca",
          "title": "Get Item from DB",
          "fullFile": "",
          "file": "",
          "beforeHooks": [],
          "afterHooks": [],
          "tests": [
            {
              "title": "Get Item from DB",
              "fullTitle": "Get Item from DB Get Item from DB",
              "timedOut": null,
              "duration": 2541,
              "state": "failed",
              "speed": null,
              "pass": false,
              "fail": true,
              "pending": false,
              "context": null,
              "code": "cy.task('scanForResultsDdbDc').then(jsondata => {\n  const obj = JSON.parse(jsondata);\n  expect(0).is.equals(0);\n  expect(0).is.equals(0);\n  cy.get(obj.Items[5].Artist);\n});",
              "err": {
                "message": "TypeError: Cannot read properties of undefined (reading 'Artist')",
                "estack": "TypeError: Cannot read properties of undefined (reading 'Artist')\n    at Context.eval (http://localhost:55141/__cypress/tests?p=cypress\\integration\\awstests\\getitem%20copy.js:105:27)",
                "diff": null
              },
              "uuid": "3715387a-d95b-41e7-87bb-e760370ac643",
              "parentUUID": "8ac19d46-e53a-44da-b971-72997e6dc6ca",
              "isHook": false,
              "skipped": false
            }
          ],
          "suites": [],
          "passes": [],
          "failures": [
            "3715387a-d95b-41e7-87bb-e760370ac643"
          ],
          "pending": [],
          "skipped": [],
          "duration": 2541,
          "root": false,
          "rootEmpty": false,
          "_timeout": 2000
        }
      ],
      "passes": [],
      "failures": [],
      "pending": [],
      "skipped": [],
      "duration": 0,
      "root": true,
      "rootEmpty": true,
      "_timeout": 2000
    }
  ],
  "meta": {
    "mocha": {
      "version": "7.0.1"
    },
    "mochawesome": {
      "options": {
        "quiet": false,
        "reportFilename": "mochawesome",
        "saveHtml": false,
        "saveJson": true,
        "consoleReporter": "spec",
        "useInlineDiffs": false,
        "code": true
      },
      "version": "6.3.1"
    },
    "marge": {
      "options": {
        "id": "default",
        "reportDir": "cypress/reports/mocha",
        "quite": true,
        "overwrite": false,
        "html": false,
        "json": true
      },
      "version": "5.2.0"
    }
  }
}