{
  "stats": {
    "suites": 1,
    "tests": 1,
    "passes": 0,
    "pending": 0,
    "failures": 1,
    "start": "2022-07-10T04:58:06.023Z",
    "end": "2022-07-10T04:58:06.453Z",
    "duration": 430,
    "testsRegistered": 1,
    "passPercent": 0,
    "pendingPercent": 0,
    "other": 0,
    "hasOther": false,
    "skipped": 0,
    "hasSkipped": false
  },
  "results": [
    {
      "uuid": "64919e38-1346-4b31-acaf-8ea54fba8649",
      "title": "",
      "fullFile": "cypress/integration/awstests/getitem.js",
      "file": "cypress/integration/awstests/getitem.js",
      "beforeHooks": [],
      "afterHooks": [],
      "tests": [],
      "suites": [
        {
          "uuid": "5da9460c-b730-4696-a810-e2fa005419fb",
          "title": "Get Item from DB",
          "fullFile": "",
          "file": "",
          "beforeHooks": [],
          "afterHooks": [],
          "tests": [
            {
              "title": "Get Item from DB",
              "fullTitle": "Get Item from DB Get Item from DB",
              "timedOut": null,
              "duration": 348,
              "state": "failed",
              "speed": null,
              "pass": false,
              "fail": true,
              "pending": false,
              "context": null,
              "code": "// AWS.config.loadFromPath(\"C:\\\\wev-automation\\\\cypress\\\\fixtures\\\\awscredentials.json\")\nAWS.config.update({\n  region: 'us-east-1',\n  accessKeyId: 'AKIATMHI6IKSJ5J2KXHF',\n  secretAccessKey: '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',\n  endpoint: 'http://dynamodb.us-east-1.amazonaws.com'\n});\nAWS.config.getCredentials(function (err) {\n  if (err) console.log(err.stack); // credentials not loaded\n  else {\n      expect(result.config.credentials.accessKeyId).is.equal(\"AKIATMHI6IKSJ5J2KXHF\");\n      var DynamoDB = new AWS.DynamoDB();\n      var docClient = new AWS.DynamoDB.DocumentClient();\n      cy.log(\"Importing Cars into DynamoDB. Please wait.\");\n      var params = {\n        Key: {\n          \"Artist\": {\n            S: \"No One You Know\"\n          },\n          \"SongTitle\": {\n            S: \"Call Me Today\"\n          }\n        },\n        TableName: \"Music\"\n      };\n      DynamoDB.getItem(params, function (err, data) {\n        if (err) cy.log(err, err.stack); // an error occurred\n        else console.log(data);\n        cy.log(data); // successful response\n        /*\n        data = {\n         Item: {\n          \"AlbumTitle\": {\n            S: \"Songs About Life\"\n           }, \n          \"Artist\": {\n            S: \"Acme Band\"\n           }, \n          \"SongTitle\": {\n            S: \"Happy Day\"\n           }\n         }\n        }\n        */\n      });\n    }\n});",
              "err": {
                "message": "ReferenceError: result is not defined",
                "estack": "ReferenceError: result is not defined\n    at eval (http://localhost:64934/__cypress/tests?p=cypress\\integration\\awstests\\getitem.js:5520:18)\n    at finish (http://localhost:64934/__cypress/tests?p=cypress\\integration\\awstests\\getitem.js:12613:7)\n    at eval (http://localhost:64934/__cypress/tests?p=cypress\\integration\\awstests\\getitem.js:12631:9)\n    at Credentials.get (http://localhost:64934/__cypress/tests?p=cypress\\integration\\awstests\\getitem.js:13184:7)\n    at getAsyncCredentials (http://localhost:64934/__cypress/tests?p=cypress\\integration\\awstests\\getitem.js:12625:24)\n    at Config.getCredentials (http://localhost:64934/__cypress/tests?p=cypress\\integration\\awstests\\getitem.js:12645:9)\n    at Context.eval (http://localhost:64934/__cypress/tests?p=cypress\\integration\\awstests\\getitem.js:5517:16)",
                "diff": null
              },
              "uuid": "139f1856-47b0-4001-8c43-28446dc5850f",
              "parentUUID": "5da9460c-b730-4696-a810-e2fa005419fb",
              "isHook": false,
              "skipped": false
            }
          ],
          "suites": [],
          "passes": [],
          "failures": [
            "139f1856-47b0-4001-8c43-28446dc5850f"
          ],
          "pending": [],
          "skipped": [],
          "duration": 348,
          "root": false,
          "rootEmpty": false,
          "_timeout": 2000
        }
      ],
      "passes": [],
      "failures": [],
      "pending": [],
      "skipped": [],
      "duration": 0,
      "root": true,
      "rootEmpty": true,
      "_timeout": 2000
    }
  ],
  "meta": {
    "mocha": {
      "version": "7.0.1"
    },
    "mochawesome": {
      "options": {
        "quiet": false,
        "reportFilename": "mochawesome",
        "saveHtml": false,
        "saveJson": true,
        "consoleReporter": "spec",
        "useInlineDiffs": false,
        "code": true
      },
      "version": "6.2.2"
    },
    "marge": {
      "options": {
        "id": "default",
        "reportDir": "cypress/reports/mocha",
        "quite": true,
        "overwrite": false,
        "html": false,
        "json": true
      },
      "version": "5.2.0"
    }
  }
}